{"numFailedTestSuites":0,"numFailedTests":0,"numPassedTestSuites":12,"numPassedTests":61,"numPendingTestSuites":0,"numPendingTests":0,"numRuntimeErrorTestSuites":0,"numTodoTests":0,"numTotalTestSuites":12,"numTotalTests":61,"openHandles":[],"snapshot":{"added":0,"didUpdate":false,"failure":false,"filesAdded":0,"filesRemoved":0,"filesRemovedList":[],"filesUnmatched":0,"filesUpdated":0,"matched":0,"total":0,"unchecked":0,"uncheckedKeysByFile":[],"unmatched":0,"updated":0},"startTime":1781592033607,"success":true,"testResults":[{"assertionResults":[{"ancestorTitles":["NotificationCronService"],"duration":18,"failing":false,"failureDetails":[],"failureMessages":[],"fullName":"NotificationCronService should be defined","invocations":1,"location":null,"numPassingAsserts":1,"retryReasons":[],"startAt":1781592034929,"status":"passed","title":"should be defined"},{"ancestorTitles":["NotificationCronService","generateExpirationNotifications"],"duration":7,"failing":false,"failureDetails":[],"failureMessages":[],"fullName":"NotificationCronService generateExpirationNotifications should generate notifications for expiring and expired memberships","invocations":1,"location":null,"numPassingAsserts":3,"retryReasons":[],"startAt":1781592034948,"status":"passed","title":"should generate notifications for expiring and expired memberships"},{"ancestorTitles":["NotificationCronService","generatePaymentDueNotifications"],"duration":5,"failing":false,"failureDetails":[],"failureMessages":[],"fullName":"NotificationCronService generatePaymentDueNotifications should generate notifications for pending payments","invocations":1,"location":null,"numPassingAsserts":2,"retryReasons":[],"startAt":1781592034956,"status":"passed","title":"should generate notifications for pending payments"}],"endTime":1781592034963,"message":"","name":"C:\\Users\\HP-PC\\OneDrive\\Desktop\\Gym Operating System\\backend\\src\\notifications\\notification-cron.service.spec.ts","startTime":1781592033896,"status":"passed","summary":""},{"assertionResults":[{"ancestorTitles":["DashboardService","getOverview"],"duration":17,"failing":false,"failureDetails":[],"failureMessages":[],"fullName":"DashboardService getOverview should return aggregated overview metrics for a tenant","invocations":1,"location":null,"numPassingAsserts":9,"retryReasons":[],"startAt":1781592035416,"status":"passed","title":"should return aggregated overview metrics for a tenant"},{"ancestorTitles":["DashboardService","getRevenueAnalytics"],"duration":4,"failing":false,"failureDetails":[],"failureMessages":[],"fullName":"DashboardService getRevenueAnalytics should return revenue by method","invocations":1,"location":null,"numPassingAsserts":5,"retryReasons":[],"startAt":1781592035434,"status":"passed","title":"should return revenue by method"},{"ancestorTitles":["DashboardService","getAttendanceAnalytics"],"duration":2,"failing":false,"failureDetails":[],"failureMessages":[],"fullName":"DashboardService getAttendanceAnalytics should calculate attendance rates correctly","invocations":1,"location":null,"numPassingAsserts":5,"retryReasons":[],"startAt":1781592035438,"status":"passed","title":"should calculate attendance rates correctly"}],"endTime":1781592035442,"message":"","name":"C:\\Users\\HP-PC\\OneDrive\\Desktop\\Gym Operating System\\backend\\src\\dashboard\\services\\dashboard.service.spec.ts","startTime":1781592034985,"status":"passed","summary":""},{"assertionResults":[{"ancestorTitles":["WhatsappService"],"duration":11,"failing":false,"failureDetails":[],"failureMessages":[],"fullName":"WhatsappService should be defined","invocations":1,"location":null,"numPassingAsserts":1,"retryReasons":[],"startAt":1781592035908,"status":"passed","title":"should be defined"},{"ancestorTitles":["WhatsappService","sendMessage"],"duration":4,"failing":false,"failureDetails":[],"failureMessages":[],"fullName":"WhatsappService sendMessage should send a message and log it if configured","invocations":1,"location":null,"numPassingAsserts":3,"retryReasons":[],"startAt":1781592035920,"status":"passed","title":"should send a message and log it if configured"},{"ancestorTitles":["WhatsappService","sendMessage"],"duration":3,"failing":false,"failureDetails":[],"failureMessages":[],"fullName":"WhatsappService sendMessage should not send message if not configured","invocations":1,"location":null,"numPassingAsserts":2,"retryReasons":[],"startAt":1781592035924,"status":"passed","title":"should not send message if not configured"},{"ancestorTitles":["WhatsappService","sendRenewalReminder"],"duration":2,"failing":false,"failureDetails":[],"failureMessages":[],"fullName":"WhatsappService sendRenewalReminder should send a reminder if not sent recently","invocations":1,"location":null,"numPassingAsserts":2,"retryReasons":[],"startAt":1781592035927,"status":"passed","title":"should send a reminder if not sent recently"},{"ancestorTitles":["WhatsappService","sendRenewalReminder"],"duration":3,"failing":false,"failureDetails":[],"failureMessages":[],"fullName":"WhatsappService sendRenewalReminder should not send a reminder if sent recently","invocations":1,"location":null,"numPassingAsserts":1,"retryReasons":[],"startAt":1781592035929,"status":"passed","title":"should not send a reminder if sent recently"},{"ancestorTitles":["WhatsappService","processWebhook"],"duration":2,"failing":false,"failureDetails":[],"failureMessages":[],"fullName":"WhatsappService processWebhook should update log status on delivery webhook","invocations":1,"location":null,"numPassingAsserts":1,"retryReasons":[],"startAt":1781592035932,"status":"passed","title":"should update log status on delivery webhook"}],"endTime":1781592035935,"message":"","name":"C:\\Users\\HP-PC\\OneDrive\\Desktop\\Gym Operating System\\backend\\src\\whatsapp\\services\\whatsapp.service.spec.ts","startTime":1781592035448,"status":"passed","summary":""},{"assertionResults":[{"ancestorTitles":["RazorpayService","A. Concurrent verifyPayment calls"],"duration":14,"failing":false,"failureDetails":[],"failureMessages":[],"fullName":"RazorpayService A. Concurrent verifyPayment calls should process only one payment and return success for both, but generate one invoice","invocations":1,"location":null,"numPassingAsserts":6,"retryReasons":[],"startAt":1781592036360,"status":"passed","title":"should process only one payment and return success for both, but generate one invoice"},{"ancestorTitles":["RazorpayService","B. Duplicate webhook delivery"],"duration":3,"failing":false,"failureDetails":[],"failureMessages":[],"fullName":"RazorpayService B. Duplicate webhook delivery should process first webhook and skip already processed duplicate","invocations":1,"location":null,"numPassingAsserts":4,"retryReasons":[],"startAt":1781592036375,"status":"passed","title":"should process first webhook and skip already processed duplicate"},{"ancestorTitles":["RazorpayService","C. Webhook signature validation"],"duration":2,"failing":false,"failureDetails":[],"failureMessages":[],"fullName":"RazorpayService C. Webhook signature validation should accept valid signature","invocations":1,"location":null,"numPassingAsserts":1,"retryReasons":[],"startAt":1781592036379,"status":"passed","title":"should accept valid signature"},{"ancestorTitles":["RazorpayService","C. Webhook signature validation"],"duration":15,"failing":false,"failureDetails":[],"failureMessages":[],"fullName":"RazorpayService C. Webhook signature validation should reject invalid signature","invocations":1,"location":null,"numPassingAsserts":2,"retryReasons":[],"startAt":1781592036381,"status":"passed","title":"should reject invalid signature"},{"ancestorTitles":["RazorpayService","C. Webhook signature validation"],"duration":3,"failing":false,"failureDetails":[],"failureMessages":[],"fullName":"RazorpayService C. Webhook signature validation should throw if rawBody is missing","invocations":1,"location":null,"numPassingAsserts":2,"retryReasons":[],"startAt":1781592036396,"status":"passed","title":"should throw if rawBody is missing"}],"endTime":1781592036400,"message":"","name":"C:\\Users\\HP-PC\\OneDrive\\Desktop\\Gym Operating System\\backend\\src\\razorpay\\services\\razorpay.service.spec.ts","startTime":1781592035944,"status":"passed","summary":""},{"assertionResults":[{"ancestorTitles":["SubscriptionsService"],"duration":11,"failing":false,"failureDetails":[],"failureMessages":[],"fullName":"SubscriptionsService should be defined","invocations":1,"location":null,"numPassingAsserts":1,"retryReasons":[],"startAt":1781592036717,"status":"passed","title":"should be defined"},{"ancestorTitles":["SubscriptionsService","createSubscription"],"duration":10,"failing":false,"failureDetails":[],"failureMessages":[],"fullName":"SubscriptionsService createSubscription should throw NotFoundException if member does not exist","invocations":1,"location":null,"numPassingAsserts":1,"retryReasons":[],"startAt":1781592036729,"status":"passed","title":"should throw NotFoundException if member does not exist"},{"ancestorTitles":["SubscriptionsService","createSubscription"],"duration":3,"failing":false,"failureDetails":[],"failureMessages":[],"fullName":"SubscriptionsService createSubscription should throw BadRequestException if active subscription exists","invocations":1,"location":null,"numPassingAsserts":1,"retryReasons":[],"startAt":1781592036739,"status":"passed","title":"should throw BadRequestException if active subscription exists"},{"ancestorTitles":["SubscriptionsService","createSubscription"],"duration":3,"failing":false,"failureDetails":[],"failureMessages":[],"fullName":"SubscriptionsService createSubscription should create a subscription successfully","invocations":1,"location":null,"numPassingAsserts":2,"retryReasons":[],"startAt":1781592036742,"status":"passed","title":"should create a subscription successfully"},{"ancestorTitles":["SubscriptionsService","renewSubscription"],"duration":3,"failing":false,"failureDetails":[],"failureMessages":[],"fullName":"SubscriptionsService renewSubscription should throw NotFoundException if old subscription not found","invocations":1,"location":null,"numPassingAsserts":1,"retryReasons":[],"startAt":1781592036745,"status":"passed","title":"should throw NotFoundException if old subscription not found"},{"ancestorTitles":["SubscriptionsService","renewSubscription"],"duration":6,"failing":false,"failureDetails":[],"failureMessages":[],"fullName":"SubscriptionsService renewSubscription should successfully renew a subscription and generate invoice/payment","invocations":1,"location":null,"numPassingAsserts":4,"retryReasons":[],"startAt":1781592036748,"status":"passed","title":"should successfully renew a subscription and generate invoice/payment"}],"endTime":1781592036755,"message":"","name":"C:\\Users\\HP-PC\\OneDrive\\Desktop\\Gym Operating System\\backend\\src\\subscriptions\\services\\subscriptions.service.spec.ts","startTime":1781592036406,"status":"passed","summary":""},{"assertionResults":[{"ancestorTitles":["ReportsService"],"duration":16,"failing":false,"failureDetails":[],"failureMessages":[],"fullName":"ReportsService should calculate revenue correctly","invocations":1,"location":null,"numPassingAsserts":5,"retryReasons":[],"startAt":1781592037084,"status":"passed","title":"should calculate revenue correctly"},{"ancestorTitles":["ReportsService"],"duration":2,"failing":false,"failureDetails":[],"failureMessages":[],"fullName":"ReportsService should summarize subscriptions correctly","invocations":1,"location":null,"numPassingAsserts":4,"retryReasons":[],"startAt":1781592037101,"status":"passed","title":"should summarize subscriptions correctly"}],"endTime":1781592037105,"message":"","name":"C:\\Users\\HP-PC\\OneDrive\\Desktop\\Gym Operating System\\backend\\src\\reports\\services\\reports.service.spec.ts","startTime":1781592036762,"status":"passed","summary":""},{"assertionResults":[{"ancestorTitles":["PlatformService","getPlatformDashboard"],"duration":12,"failing":false,"failureDetails":[],"failureMessages":[],"fullName":"PlatformService getPlatformDashboard should return aggregated dashboard metrics","invocations":1,"location":null,"numPassingAsserts":5,"retryReasons":[],"startAt":1781592037479,"status":"passed","title":"should return aggregated dashboard metrics"},{"ancestorTitles":["PlatformService","getTenants"],"duration":3,"failing":false,"failureDetails":[],"failureMessages":[],"fullName":"PlatformService getTenants should return paginated tenants with search filter","invocations":1,"location":null,"numPassingAsserts":6,"retryReasons":[],"startAt":1781592037492,"status":"passed","title":"should return paginated tenants with search filter"},{"ancestorTitles":["PlatformService","getTenants"],"duration":3,"failing":false,"failureDetails":[],"failureMessages":[],"fullName":"PlatformService getTenants should filter tenants by status","invocations":1,"location":null,"numPassingAsserts":2,"retryReasons":[],"startAt":1781592037495,"status":"passed","title":"should filter tenants by status"},{"ancestorTitles":["PlatformService","getTenantById"],"duration":2,"failing":false,"failureDetails":[],"failureMessages":[],"fullName":"PlatformService getTenantById should return tenant details with owner and counts","invocations":1,"location":null,"numPassingAsserts":7,"retryReasons":[],"startAt":1781592037498,"status":"passed","title":"should return tenant details with owner and counts"},{"ancestorTitles":["PlatformService","getTenantById"],"duration":12,"failing":false,"failureDetails":[],"failureMessages":[],"fullName":"PlatformService getTenantById should throw NotFoundException when tenant does not exist","invocations":1,"location":null,"numPassingAsserts":1,"retryReasons":[],"startAt":1781592037500,"status":"passed","title":"should throw NotFoundException when tenant does not exist"},{"ancestorTitles":["PlatformService","suspendTenant"],"duration":3,"failing":false,"failureDetails":[],"failureMessages":[],"fullName":"PlatformService suspendTenant should set tenant status to SUSPENDED","invocations":1,"location":null,"numPassingAsserts":2,"retryReasons":[],"startAt":1781592037513,"status":"passed","title":"should set tenant status to SUSPENDED"},{"ancestorTitles":["PlatformService","suspendTenant"],"duration":2,"failing":false,"failureDetails":[],"failureMessages":[],"fullName":"PlatformService suspendTenant should throw NotFoundException when suspending non-existent tenant","invocations":1,"location":null,"numPassingAsserts":1,"retryReasons":[],"startAt":1781592037516,"status":"passed","title":"should throw NotFoundException when suspending non-existent tenant"},{"ancestorTitles":["PlatformService","activateTenant"],"duration":2,"failing":false,"failureDetails":[],"failureMessages":[],"fullName":"PlatformService activateTenant should set tenant status to ACTIVE","invocations":1,"location":null,"numPassingAsserts":2,"retryReasons":[],"startAt":1781592037518,"status":"passed","title":"should set tenant status to ACTIVE"},{"ancestorTitles":["PlatformService","activateTenant"],"duration":2,"failing":false,"failureDetails":[],"failureMessages":[],"fullName":"PlatformService activateTenant should throw NotFoundException when activating non-existent tenant","invocations":1,"location":null,"numPassingAsserts":1,"retryReasons":[],"startAt":1781592037520,"status":"passed","title":"should throw NotFoundException when activating non-existent tenant"}],"endTime":1781592037524,"message":"","name":"C:\\Users\\HP-PC\\OneDrive\\Desktop\\Gym Operating System\\backend\\src\\platform\\services\\platform.service.spec.ts","startTime":1781592037110,"status":"passed","summary":""},{"assertionResults":[{"ancestorTitles":["NotificationsService"],"duration":13,"failing":false,"failureDetails":[],"failureMessages":[],"fullName":"NotificationsService should be defined","invocations":1,"location":null,"numPassingAsserts":1,"retryReasons":[],"startAt":1781592037853,"status":"passed","title":"should be defined"},{"ancestorTitles":["NotificationsService","createNotification"],"duration":4,"failing":false,"failureDetails":[],"failureMessages":[],"fullName":"NotificationsService createNotification should create a notification","invocations":1,"location":null,"numPassingAsserts":2,"retryReasons":[],"startAt":1781592037866,"status":"passed","title":"should create a notification"},{"ancestorTitles":["NotificationsService","listNotifications"],"duration":2,"failing":false,"failureDetails":[],"failureMessages":[],"fullName":"NotificationsService listNotifications should return paginated notifications","invocations":1,"location":null,"numPassingAsserts":2,"retryReasons":[],"startAt":1781592037871,"status":"passed","title":"should return paginated notifications"},{"ancestorTitles":["NotificationsService","getUnreadCount"],"duration":2,"failing":false,"failureDetails":[],"failureMessages":[],"fullName":"NotificationsService getUnreadCount should return unread count","invocations":1,"location":null,"numPassingAsserts":1,"retryReasons":[],"startAt":1781592037873,"status":"passed","title":"should return unread count"},{"ancestorTitles":["NotificationsService","markAsRead"],"duration":3,"failing":false,"failureDetails":[],"failureMessages":[],"fullName":"NotificationsService markAsRead should mark notification as read","invocations":1,"location":null,"numPassingAsserts":2,"retryReasons":[],"startAt":1781592037876,"status":"passed","title":"should mark notification as read"},{"ancestorTitles":["NotificationsService","markAsRead"],"duration":9,"failing":false,"failureDetails":[],"failureMessages":[],"fullName":"NotificationsService markAsRead should throw NotFoundException if notification does not exist or tenant mismatch","invocations":1,"location":null,"numPassingAsserts":1,"retryReasons":[],"startAt":1781592037879,"status":"passed","title":"should throw NotFoundException if notification does not exist or tenant mismatch"},{"ancestorTitles":["NotificationsService","markAllAsRead"],"duration":1,"failing":false,"failureDetails":[],"failureMessages":[],"fullName":"NotificationsService markAllAsRead should mark all as read for tenant","invocations":1,"location":null,"numPassingAsserts":2,"retryReasons":[],"startAt":1781592037889,"status":"passed","title":"should mark all as read for tenant"}],"endTime":1781592037892,"message":"","name":"C:\\Users\\HP-PC\\OneDrive\\Desktop\\Gym Operating System\\backend\\src\\notifications\\notifications.service.spec.ts","startTime":1781592037530,"status":"passed","summary":""},{"assertionResults":[{"ancestorTitles":["AppController","root"],"duration":12,"failing":false,"failureDetails":[],"failureMessages":[],"fullName":"AppController root should return \"Hello World!\"","invocations":1,"location":null,"numPassingAsserts":1,"retryReasons":[],"startAt":1781592038217,"status":"passed","title":"should return \"Hello World!\""}],"endTime":1781592038230,"message":"","name":"C:\\Users\\HP-PC\\OneDrive\\Desktop\\Gym Operating System\\backend\\src\\app.controller.spec.ts","startTime":1781592037902,"status":"passed","summary":""},{"assertionResults":[{"ancestorTitles":["Attendance Reports (unit)"],"duration":2,"failing":false,"failureDetails":[],"failureMessages":[],"fullName":"Attendance Reports (unit) listAttendances pagination","invocations":1,"location":null,"numPassingAsserts":2,"retryReasons":[],"startAt":1781592038526,"status":"passed","title":"listAttendances pagination"},{"ancestorTitles":["Attendance Reports (unit)"],"duration":1,"failing":false,"failureDetails":[],"failureMessages":[],"fullName":"Attendance Reports (unit) memberReport requires tenant and returns aggregates","invocations":1,"location":null,"numPassingAsserts":2,"retryReasons":[],"startAt":1781592038529,"status":"passed","title":"memberReport requires tenant and returns aggregates"},{"ancestorTitles":["Attendance Reports (unit)"],"duration":14,"failing":false,"failureDetails":[],"failureMessages":[],"fullName":"Attendance Reports (unit) dailyReport requires tenant","invocations":1,"location":null,"numPassingAsserts":1,"retryReasons":[],"startAt":1781592038530,"status":"passed","title":"dailyReport requires tenant"},{"ancestorTitles":["Attendance Reports (unit)"],"duration":1,"failing":false,"failureDetails":[],"failureMessages":[],"fullName":"Attendance Reports (unit) monthlyReport aggregates counts","invocations":1,"location":null,"numPassingAsserts":2,"retryReasons":[],"startAt":1781592038544,"status":"passed","title":"monthlyReport aggregates counts"}],"endTime":1781592038546,"message":"","name":"C:\\Users\\HP-PC\\OneDrive\\Desktop\\Gym Operating System\\backend\\src\\attendances\\attendances.reports.spec.ts","startTime":1781592038239,"status":"passed","summary":""},{"assertionResults":[{"ancestorTitles":["AttendanceService (validation & conflicts)"],"duration":20,"failing":false,"failureDetails":[],"failureMessages":[],"fullName":"AttendanceService (validation & conflicts) duplicate check-in should be rejected","invocations":1,"location":null,"numPassingAsserts":2,"retryReasons":[],"startAt":1781592038839,"status":"passed","title":"duplicate check-in should be rejected"},{"ancestorTitles":["AttendanceService (validation & conflicts)"],"duration":1,"failing":false,"failureDetails":[],"failureMessages":[],"fullName":"AttendanceService (validation & conflicts) duplicate manual attendance should be rejected","invocations":1,"location":null,"numPassingAsserts":2,"retryReasons":[],"startAt":1781592038860,"status":"passed","title":"duplicate manual attendance should be rejected"},{"ancestorTitles":["AttendanceService (validation & conflicts)"],"duration":2,"failing":false,"failureDetails":[],"failureMessages":[],"fullName":"AttendanceService (validation & conflicts) invalid member status should be rejected for check-in","invocations":1,"location":null,"numPassingAsserts":2,"retryReasons":[],"startAt":1781592038861,"status":"passed","title":"invalid member status should be rejected for check-in"},{"ancestorTitles":["AttendanceService (validation & conflicts)"],"duration":1,"failing":false,"failureDetails":[],"failureMessages":[],"fullName":"AttendanceService (validation & conflicts) invalid member status should be rejected for manual attendance","invocations":1,"location":null,"numPassingAsserts":2,"retryReasons":[],"startAt":1781592038863,"status":"passed","title":"invalid member status should be rejected for manual attendance"},{"ancestorTitles":["AttendanceService (validation & conflicts)"],"duration":1,"failing":false,"failureDetails":[],"failureMessages":[],"fullName":"AttendanceService (validation & conflicts) duplicate checkout should be rejected","invocations":1,"location":null,"numPassingAsserts":2,"retryReasons":[],"startAt":1781592038864,"status":"passed","title":"duplicate checkout should be rejected"},{"ancestorTitles":["AttendanceService (validation & conflicts)"],"duration":1,"failing":false,"failureDetails":[],"failureMessages":[],"fullName":"AttendanceService (validation & conflicts) check-out earlier than check-in should be rejected","invocations":1,"location":null,"numPassingAsserts":2,"retryReasons":[],"startAt":1781592038865,"status":"passed","title":"check-out earlier than check-in should be rejected"},{"ancestorTitles":["AttendanceService (validation & conflicts)","processQrScan"],"duration":1,"failing":false,"failureDetails":[],"failureMessages":[],"fullName":"AttendanceService (validation & conflicts) processQrScan valid scan creates attendance","invocations":1,"location":null,"numPassingAsserts":2,"retryReasons":[],"startAt":1781592038866,"status":"passed","title":"valid scan creates attendance"},{"ancestorTitles":["AttendanceService (validation & conflicts)","processQrScan"],"duration":3,"failing":false,"failureDetails":[],"failureMessages":[],"fullName":"AttendanceService (validation & conflicts) processQrScan invalid signature/expired throws Unauthorized","invocations":1,"location":null,"numPassingAsserts":1,"retryReasons":[],"startAt":1781592038867,"status":"passed","title":"invalid signature/expired throws Unauthorized"},{"ancestorTitles":["AttendanceService (validation & conflicts)","processQrScan"],"duration":1,"failing":false,"failureDetails":[],"failureMessages":[],"fullName":"AttendanceService (validation & conflicts) processQrScan cross-tenant attempt throws Forbidden","invocations":1,"location":null,"numPassingAsserts":2,"retryReasons":[],"startAt":1781592038870,"status":"passed","title":"cross-tenant attempt throws Forbidden"},{"ancestorTitles":["AttendanceService (validation & conflicts)","processQrScan"],"duration":1,"failing":false,"failureDetails":[],"failureMessages":[],"fullName":"AttendanceService (validation & conflicts) processQrScan duplicate attendance returns ConflictException","invocations":1,"location":null,"numPassingAsserts":2,"retryReasons":[],"startAt":1781592038871,"status":"passed","title":"duplicate attendance returns ConflictException"}],"endTime":1781592038873,"message":"","name":"C:\\Users\\HP-PC\\OneDrive\\Desktop\\Gym Operating System\\backend\\src\\attendances\\attendances.service.spec.ts","startTime":1781592038551,"status":"passed","summary":""},{"assertionResults":[{"ancestorTitles":["AttendanceService - tenant isolation & listing"],"duration":3,"failing":false,"failureDetails":[],"failureMessages":[],"fullName":"AttendanceService - tenant isolation & listing getAttendanceById filters by tenantId","invocations":1,"location":null,"numPassingAsserts":1,"retryReasons":[],"startAt":1781592039152,"status":"passed","title":"getAttendanceById filters by tenantId"},{"ancestorTitles":["AttendanceService - tenant isolation & listing"],"duration":14,"failing":false,"failureDetails":[],"failureMessages":[],"fullName":"AttendanceService - tenant isolation & listing getAttendanceById throws when not found","invocations":1,"location":null,"numPassingAsserts":1,"retryReasons":[],"startAt":1781592039155,"status":"passed","title":"getAttendanceById throws when not found"},{"ancestorTitles":["AttendanceService - tenant isolation & listing"],"duration":1,"failing":false,"failureDetails":[],"failureMessages":[],"fullName":"AttendanceService - tenant isolation & listing listAttendances respects includeDeleted flag","invocations":1,"location":null,"numPassingAsserts":2,"retryReasons":[],"startAt":1781592039169,"status":"passed","title":"listAttendances respects includeDeleted flag"},{"ancestorTitles":["AttendanceService - tenant isolation & listing"],"duration":5,"failing":false,"failureDetails":[],"failureMessages":[],"fullName":"AttendanceService - tenant isolation & listing pagination meta values computed correctly","invocations":1,"location":null,"numPassingAsserts":6,"retryReasons":[],"startAt":1781592039171,"status":"passed","title":"pagination meta values computed correctly"},{"ancestorTitles":["AttendanceService - tenant isolation & listing"],"duration":3,"failing":false,"failureDetails":[],"failureMessages":[],"fullName":"AttendanceService - tenant isolation & listing memberReport requires tenant and throws without it","invocations":1,"location":null,"numPassingAsserts":1,"retryReasons":[],"startAt":1781592039176,"status":"passed","title":"memberReport requires tenant and throws without it"}],"endTime":1781592039180,"message":"","name":"C:\\Users\\HP-PC\\OneDrive\\Desktop\\Gym Operating System\\backend\\src\\attendances\\attendances.unit.spec.ts","startTime":1781592038880,"status":"passed","summary":""}],"wasInterrupted":false}
